Mono path[0] = 'D:/Projects/ML_HideAndSeek/Builds/ML_HideAndSeek_Data/Managed'
Mono config path = 'D:/Projects/ML_HideAndSeek/Builds/MonoBleedingEdge/etc'
[Physics::Module] Initialized fallback backend.
[Physics::Module] Id: 0xdecafbad
Initialize engine version: 6000.0.23f1 (1c4764c07fb4)
[Subsystems] Discovering subsystems at path D:/Projects/ML_HideAndSeek/Builds/ML_HideAndSeek_Data/UnitySubsystems
kGfxThreadingModeSplitJobs is not supported on Direct3D 11. Reverting to kGfxThreadingModeClientWorkerJobs instead.
GfxDevice: creating device client; kGfxThreadingModeClientWorkerJobs
Direct3D:
    Version:  Direct3D 11.0 [level 11.1]
    Renderer: NVIDIA GeForce RTX 3060 Laptop GPU (ID=0x2520)
    Vendor:   NVIDIA
    VRAM:     5996 MB
    Driver:   32.0.15.6636
Begin MonoManager ReloadAssembly
- Loaded All Assemblies, in  0.223 seconds
- Finished resetting the current domain, in  0.004 seconds
[Physics::Module] Selected backend.
[Physics::Module] Name: PhysX
[Physics::Module] Id: 0xf2b8ea05
[Physics::Module] SDK Version: 4.1.2
[Physics::Module] Integration Version: 1.0.0
[Physics::Module] Threading Mode: Multi-Threaded
<RI> Initializing input.
New input system (experimental) initialized
Using Windows.Gaming.Input
<RI> Input initialized.
<RI> Initialized touch support.
UnloadTime: 0.573200 ms
Registered Communicator in Agent.
RenderGraph is now enabled.
NullReferenceException: Object reference not set to an instance of an object
  at Interactable.TryLockUnlock (AgentActions agent, System.Boolean tryLock) [0x0007d] in <92bb67a142f54802a99bbac701b5f2d5>:0 
  at AgentActions.LockInteractable (System.Boolean tryLock) [0x00053] in <92bb67a142f54802a99bbac701b5f2d5>:0 
  at HideAndSeekAgent.OnActionReceived (Unity.MLAgents.Actuators.ActionBuffers actions) [0x000df] in <92bb67a142f54802a99bbac701b5f2d5>:0 
  at Unity.MLAgents.Actuators.VectorActuator.OnActionReceived (Unity.MLAgents.Actuators.ActionBuffers actionBuffers) [0x00007] in <28a49cde569942a8b1121d9e17642f65>:0 
  at Unity.MLAgents.Actuators.ActuatorManager.ExecuteActions () [0x000ae] in <28a49cde569942a8b1121d9e17642f65>:0 
  at Unity.MLAgents.Agent.AgentStep () [0x00017] in <28a49cde569942a8b1121d9e17642f65>:0 
  at (wrapper delegate-invoke) <Module>.invoke_void()
  at Unity.MLAgents.Academy.EnvironmentStep () [0x000e0] in <28a49cde569942a8b1121d9e17642f65>:0 
  at Unity.MLAgents.AcademyFixedUpdateStepper.FixedUpdate () [0x00025] in <28a49cde569942a8b1121d9e17642f65>:0 

NullReferenceException: Object reference not set to an instance of an object
  at Interactable.TryLockUnlock (AgentActions agent, System.Boolean tryLock) [0x0007d] in <92bb67a142f54802a99bbac701b5f2d5>:0 
  at AgentActions.LockInteractable (System.Boolean tryLock) [0x00053] in <92bb67a142f54802a99bbac701b5f2d5>:0 
  at HideAndSeekAgent.OnActionReceived (Unity.MLAgents.Actuators.ActionBuffers actions) [0x000df] in <92bb67a142f54802a99bbac701b5f2d5>:0 
  at Unity.MLAgents.Actuators.VectorActuator.OnActionReceived (Unity.MLAgents.Actuators.ActionBuffers actionBuffers) [0x00007] in <28a49cde569942a8b1121d9e17642f65>:0 
  at Unity.MLAgents.Actuators.ActuatorManager.ExecuteActions () [0x000ae] in <28a49cde569942a8b1121d9e17642f65>:0 
  at Unity.MLAgents.Agent.AgentStep () [0x00017] in <28a49cde569942a8b1121d9e17642f65>:0 
  at (wrapper delegate-invoke) <Module>.invoke_void()
  at Unity.MLAgents.Academy.EnvironmentStep () [0x000e0] in <28a49cde569942a8b1121d9e17642f65>:0 
  at Unity.MLAgents.AcademyFixedUpdateStepper.FixedUpdate () [0x00025] in <28a49cde569942a8b1121d9e17642f65>:0 

NullReferenceException: Object reference not set to an instance of an object
  at Interactable.TryLockUnlock (AgentActions agent, System.Boolean tryLock) [0x0007d] in <92bb67a142f54802a99bbac701b5f2d5>:0 
  at AgentActions.LockInteractable (System.Boolean tryLock) [0x00053] in <92bb67a142f54802a99bbac701b5f2d5>:0 
  at HideAndSeekAgent.OnActionReceived (Unity.MLAgents.Actuators.ActionBuffers actions) [0x000df] in <92bb67a142f54802a99bbac701b5f2d5>:0 
  at Unity.MLAgents.Actuators.VectorActuator.OnActionReceived (Unity.MLAgents.Actuators.ActionBuffers actionBuffers) [0x00007] in <28a49cde569942a8b1121d9e17642f65>:0 
  at Unity.MLAgents.Actuators.ActuatorManager.ExecuteActions () [0x000ae] in <28a49cde569942a8b1121d9e17642f65>:0 
  at Unity.MLAgents.Agent.AgentStep () [0x00017] in <28a49cde569942a8b1121d9e17642f65>:0 
  at (wrapper delegate-invoke) <Module>.invoke_void()
  at Unity.MLAgents.Academy.EnvironmentStep () [0x000e0] in <28a49cde569942a8b1121d9e17642f65>:0 
  at Unity.MLAgents.AcademyFixedUpdateStepper.FixedUpdate () [0x00025] in <28a49cde569942a8b1121d9e17642f65>:0 

NullReferenceException: Object reference not set to an instance of an object
  at Interactable.TryLockUnlock (AgentActions agent, System.Boolean tryLock) [0x0007d] in <92bb67a142f54802a99bbac701b5f2d5>:0 
  at AgentActions.LockInteractable (System.Boolean tryLock) [0x00053] in <92bb67a142f54802a99bbac701b5f2d5>:0 
  at HideAndSeekAgent.OnActionReceived (Unity.MLAgents.Actuators.ActionBuffers actions) [0x000df] in <92bb67a142f54802a99bbac701b5f2d5>:0 
  at Unity.MLAgents.Actuators.VectorActuator.OnActionReceived (Unity.MLAgents.Actuators.ActionBuffers actionBuffers) [0x00007] in <28a49cde569942a8b1121d9e17642f65>:0 
  at Unity.MLAgents.Actuators.ActuatorManager.ExecuteActions () [0x000ae] in <28a49cde569942a8b1121d9e17642f65>:0 
  at Unity.MLAgents.Agent.AgentStep () [0x00017] in <28a49cde569942a8b1121d9e17642f65>:0 
  at (wrapper delegate-invoke) <Module>.invoke_void()
  at Unity.MLAgents.Academy.EnvironmentStep () [0x000e0] in <28a49cde569942a8b1121d9e17642f65>:0 
  at Unity.MLAgents.AcademyFixedUpdateStepper.FixedUpdate () [0x00025] in <28a49cde569942a8b1121d9e17642f65>:0 

[Physics::Module] Cleanup current backned.
[Physics::Module] Id: 0xf2b8ea05
